<?xml version="1.0" encoding="UTF-8" standalone="no"?>
<!DOCTYPE log SYSTEM "logger.dtd">
<log>
<record>
  <date>2019-02-27T14:34:56</date>
  <millis>1551258296367</millis>
  <sequence>0</sequence>
  <level>START</level>
  <class>com.kms.katalon.core.logging.XmlKeywordLogger</class>
  <method>startSuite</method>
  <thread>1</thread>
  <message>Start Test Suite : Test Suites/Day5</message>
  <nestedLevel>0</nestedLevel>
  <property name="name">Day5</property>
  <property name="description"></property>
  <property name="id">Test Suites/Day5</property>
</record>
<record>
  <date>2019-02-27T14:34:56</date>
  <millis>1551258296381</millis>
  <sequence>1</sequence>
  <level>RUN_DATA</level>
  <class>com.kms.katalon.core.logging.XmlKeywordLogger</class>
  <method>logMessage</method>
  <thread>1</thread>
  <message>hostName = Administrator - EC2AMAZ-NDM7R0M</message>
  <nestedLevel>0</nestedLevel>
  <property name="hostName">Administrator - EC2AMAZ-NDM7R0M</property>
</record>
<record>
  <date>2019-02-27T14:34:56</date>
  <millis>1551258296384</millis>
  <sequence>2</sequence>
  <level>RUN_DATA</level>
  <class>com.kms.katalon.core.logging.XmlKeywordLogger</class>
  <method>logMessage</method>
  <thread>1</thread>
  <message>os = Windows Server 2016 64bit</message>
  <nestedLevel>0</nestedLevel>
  <property name="os">Windows Server 2016 64bit</property>
</record>
<record>
  <date>2019-02-27T14:34:56</date>
  <millis>1551258296385</millis>
  <sequence>3</sequence>
  <level>RUN_DATA</level>
  <class>com.kms.katalon.core.logging.XmlKeywordLogger</class>
  <method>logMessage</method>
  <thread>1</thread>
  <message>hostAddress = 172.20.128.1</message>
  <nestedLevel>0</nestedLevel>
  <property name="hostAddress">172.20.128.1</property>
</record>
<record>
  <date>2019-02-27T14:34:56</date>
  <millis>1551258296386</millis>
  <sequence>4</sequence>
  <level>RUN_DATA</level>
  <class>com.kms.katalon.core.logging.XmlKeywordLogger</class>
  <method>logMessage</method>
  <thread>1</thread>
  <message>katalonVersion = 5.9.1.2</message>
  <nestedLevel>0</nestedLevel>
  <property name="katalonVersion">5.9.1.2</property>
</record>
<record>
  <date>2019-02-27T14:34:56</date>
  <millis>1551258296692</millis>
  <sequence>5</sequence>
  <level>START</level>
  <class>com.kms.katalon.core.logging.XmlKeywordLogger</class>
  <method>startTest</method>
  <thread>1</thread>
  <message>Start Test Case : Test Cases/Test3</message>
  <nestedLevel>1</nestedLevel>
  <property name="name">Test Cases/Test3</property>
  <property name="description"></property>
  <property name="id">Test Cases/Test3</property>
  <property name="source">C:\\Users\\Administrator\\Katalon Studio\\APIDemoProject_Feb2019\\Test Cases\\Test3.tc</property>
  <property name="isOptional">false</property>
</record>
<record>
  <date>2019-02-27T14:34:57</date>
  <millis>1551258297041</millis>
  <sequence>7</sequence>
  <level>START</level>
  <class>com.kms.katalon.core.logging.XmlKeywordLogger</class>
  <method>startKeyword</method>
  <thread>1</thread>
  <message>Start action : sendRequest(findTestObject(\&amp;quot;REST/CreateUser\&amp;quot;))</message>
  <nestedLevel>1</nestedLevel>
  <property name="startLine">16</property>
  <property name="stepIndex">1</property>
</record>
<record>
  <date>2019-02-27T14:34:59</date>
  <millis>1551258299419</millis>
  <sequence>11</sequence>
  <level>INFO</level>
  <class>com.kms.katalon.core.logging.XmlKeywordLogger</class>
  <method>logMessage</method>
  <thread>1</thread>
  <message>HAR: C:\\Users\\Administrator\\Katalon Studio\\APIDemoProject_Feb2019\\Reports\\Day5\\20190227_143453\\requests\\main\\0.har</message>
  <nestedLevel>1</nestedLevel>
  <property name="harId">fb6a1d88-f89e-4bd8-8e40-a2ca59436834</property>
</record>
<record>
  <date>2019-02-27T14:34:59</date>
  <millis>1551258299550</millis>
  <sequence>12</sequence>
  <level>PASSED</level>
  <class>com.kms.katalon.core.logging.XmlKeywordLogger</class>
  <method>logMessage</method>
  <thread>1</thread>
  <message>Send request successfully</message>
  <nestedLevel>1</nestedLevel>
</record>
<record>
  <date>2019-02-27T14:34:59</date>
  <millis>1551258299551</millis>
  <sequence>13</sequence>
  <level>END</level>
  <class>com.kms.katalon.core.logging.XmlKeywordLogger</class>
  <method>endKeyword</method>
  <thread>1</thread>
  <message>End action : sendRequest(findTestObject(\&amp;quot;REST/CreateUser\&amp;quot;))</message>
  <nestedLevel>1</nestedLevel>
</record>
<record>
  <date>2019-02-27T14:34:59</date>
  <millis>1551258299551</millis>
  <sequence>14</sequence>
  <level>START</level>
  <class>com.kms.katalon.core.logging.XmlKeywordLogger</class>
  <method>startKeyword</method>
  <thread>1</thread>
  <message>Start action : sendRequest(findTestObject(\&amp;quot;REST/ListUsers\&amp;quot;))</message>
  <nestedLevel>1</nestedLevel>
  <property name="startLine">18</property>
  <property name="stepIndex">2</property>
</record>
<record>
  <date>2019-02-27T14:34:59</date>
  <millis>1551258299872</millis>
  <sequence>17</sequence>
  <level>INFO</level>
  <class>com.kms.katalon.core.logging.XmlKeywordLogger</class>
  <method>logMessage</method>
  <thread>1</thread>
  <message>HAR: C:\\Users\\Administrator\\Katalon Studio\\APIDemoProject_Feb2019\\Reports\\Day5\\20190227_143453\\requests\\main\\1.har</message>
  <nestedLevel>1</nestedLevel>
  <property name="harId">70dbe61c-1d67-4f63-b9c5-2fbd06431483</property>
</record>
<record>
  <date>2019-02-27T14:34:59</date>
  <millis>1551258299902</millis>
  <sequence>18</sequence>
  <level>PASSED</level>
  <class>com.kms.katalon.core.logging.XmlKeywordLogger</class>
  <method>logMessage</method>
  <thread>1</thread>
  <message>Send request successfully</message>
  <nestedLevel>1</nestedLevel>
</record>
<record>
  <date>2019-02-27T14:34:59</date>
  <millis>1551258299908</millis>
  <sequence>19</sequence>
  <level>END</level>
  <class>com.kms.katalon.core.logging.XmlKeywordLogger</class>
  <method>endKeyword</method>
  <thread>1</thread>
  <message>End action : sendRequest(findTestObject(\&amp;quot;REST/ListUsers\&amp;quot;))</message>
  <nestedLevel>1</nestedLevel>
</record>
<record>
  <date>2019-02-27T14:34:59</date>
  <millis>1551258299908</millis>
  <sequence>20</sequence>
  <level>START</level>
  <class>com.kms.katalon.core.logging.XmlKeywordLogger</class>
  <method>startKeyword</method>
  <thread>1</thread>
  <message>Start action : sendRequest(findTestObject(\&amp;quot;REST/UpdateUser\&amp;quot;))</message>
  <nestedLevel>1</nestedLevel>
  <property name="startLine">20</property>
  <property name="stepIndex">3</property>
</record>
<record>
  <date>2019-02-27T14:35:00</date>
  <millis>1551258300208</millis>
  <sequence>23</sequence>
  <level>INFO</level>
  <class>com.kms.katalon.core.logging.XmlKeywordLogger</class>
  <method>logMessage</method>
  <thread>1</thread>
  <message>HAR: C:\\Users\\Administrator\\Katalon Studio\\APIDemoProject_Feb2019\\Reports\\Day5\\20190227_143453\\requests\\main\\2.har</message>
  <nestedLevel>1</nestedLevel>
  <property name="harId">c346d99b-82d4-42e5-a959-568d4098655a</property>
</record>
<record>
  <date>2019-02-27T14:35:00</date>
  <millis>1551258300223</millis>
  <sequence>24</sequence>
  <level>PASSED</level>
  <class>com.kms.katalon.core.logging.XmlKeywordLogger</class>
  <method>logMessage</method>
  <thread>1</thread>
  <message>Send request successfully</message>
  <nestedLevel>1</nestedLevel>
</record>
<record>
  <date>2019-02-27T14:35:00</date>
  <millis>1551258300223</millis>
  <sequence>25</sequence>
  <level>END</level>
  <class>com.kms.katalon.core.logging.XmlKeywordLogger</class>
  <method>endKeyword</method>
  <thread>1</thread>
  <message>End action : sendRequest(findTestObject(\&amp;quot;REST/UpdateUser\&amp;quot;))</message>
  <nestedLevel>1</nestedLevel>
</record>
<record>
  <date>2019-02-27T14:35:00</date>
  <millis>1551258300223</millis>
  <sequence>26</sequence>
  <level>START</level>
  <class>com.kms.katalon.core.logging.XmlKeywordLogger</class>
  <method>startKeyword</method>
  <thread>1</thread>
  <message>Start action : sendRequest(findTestObject(\&amp;quot;REST/DeleteUser\&amp;quot;))</message>
  <nestedLevel>1</nestedLevel>
  <property name="startLine">22</property>
  <property name="stepIndex">4</property>
</record>
<record>
  <date>2019-02-27T14:35:00</date>
  <millis>1551258300520</millis>
  <sequence>29</sequence>
  <level>INFO</level>
  <class>com.kms.katalon.core.logging.XmlKeywordLogger</class>
  <method>logMessage</method>
  <thread>1</thread>
  <message>HAR: C:\\Users\\Administrator\\Katalon Studio\\APIDemoProject_Feb2019\\Reports\\Day5\\20190227_143453\\requests\\main\\3.har</message>
  <nestedLevel>1</nestedLevel>
  <property name="harId">6b30793d-a18f-4202-b07c-b79ed8af755f</property>
</record>
<record>
  <date>2019-02-27T14:35:00</date>
  <millis>1551258300564</millis>
  <sequence>30</sequence>
  <level>PASSED</level>
  <class>com.kms.katalon.core.logging.XmlKeywordLogger</class>
  <method>logMessage</method>
  <thread>1</thread>
  <message>Send request successfully</message>
  <nestedLevel>1</nestedLevel>
</record>
<record>
  <date>2019-02-27T14:35:00</date>
  <millis>1551258300564</millis>
  <sequence>31</sequence>
  <level>END</level>
  <class>com.kms.katalon.core.logging.XmlKeywordLogger</class>
  <method>endKeyword</method>
  <thread>1</thread>
  <message>End action : sendRequest(findTestObject(\&amp;quot;REST/DeleteUser\&amp;quot;))</message>
  <nestedLevel>1</nestedLevel>
</record>
<record>
  <date>2019-02-27T14:35:00</date>
  <millis>1551258300565</millis>
  <sequence>32</sequence>
  <level>PASSED</level>
  <class>com.kms.katalon.core.logging.XmlKeywordLogger</class>
  <method>logMessage</method>
  <thread>1</thread>
  <message>Test Cases/Test3</message>
  <nestedLevel>1</nestedLevel>
</record>
<record>
  <date>2019-02-27T14:35:00</date>
  <millis>1551258300565</millis>
  <sequence>33</sequence>
  <level>END</level>
  <class>com.kms.katalon.core.logging.XmlKeywordLogger</class>
  <method>endTest</method>
  <thread>1</thread>
  <message>End Test Case : Test Cases/Test3</message>
  <nestedLevel>0</nestedLevel>
</record>
<record>
  <date>2019-02-27T14:35:00</date>
  <millis>1551258300816</millis>
  <sequence>34</sequence>
  <level>END</level>
  <class>com.kms.katalon.core.logging.XmlKeywordLogger</class>
  <method>endSuite</method>
  <thread>1</thread>
  <message>End Test Suite : Test Suites/Day5</message>
  <nestedLevel>0</nestedLevel>
</record>
</log>